Sat Jun  1 02:57:00 PM MDT 2024: Powering the speakers off
Sat Jun  1 03:25:40 PM MDT 2024: Powering the speakers off
Sat Jun  1 03:33:19 PM MDT 2024: Powering the speakers off
Sat Jun  1 03:33:55 PM MDT 2024: Powering the speakers off
Sat Jun  1 03:35:59 PM MDT 2024: Powering the speakers off
Sat Jun  1 03:37:26 PM MDT 2024: Powering the speakers on
Sat Jun  1 03:39:21 PM MDT 2024: Powering the speakers off
Sat Jun  1 03:40:25 PM MDT 2024: Powering the speakers on
Sat Jun  1 03:49:10 PM MDT 2024: Powering the speakers off
Sat Jun  1 04:44:10 PM MDT 2024: Powering the speakers on
Sat Jun  1 05:48:03 PM MDT 2024: Powering the speakers on
Sat Jun  1 05:48:16 PM MDT 2024: Powering the speakers on
Sat Jun  1 05:48:31 PM MDT 2024: Powering the speakers on
Sat Jun  1 05:48:40 PM MDT 2024: Powering the speakers on
Sat Jun  1 05:48:43 PM MDT 2024: Powering the speakers on
Sat Jun  1 05:49:08 PM MDT 2024: Powering the speakers on
Sat Jun  1 05:49:24 PM MDT 2024: Powering the speakers on
Sat Jun  1 05:49:27 PM MDT 2024: Powering the speakers on
Sat Jun  1 05:50:50 PM MDT 2024: Powering the speakers off
Sat Jun  1 05:52:12 PM MDT 2024: Powering the speakers off
Sun Jun  2 07:57:41 AM MDT 2024: Powering the speakers on
Sun Jun  2 08:14:26 AM MDT 2024: Powering the speakers off
Sun Jun  2 09:36:11 AM MDT 2024: Powering the speakers off
Sun Jun  2 02:22:33 PM MDT 2024: Powering the speakers on
Sun Jun  2 04:43:48 PM MDT 2024: Powering the speakers off
Sun Jun  2 04:45:02 PM MDT 2024: Powering the speakers on
